build/outputs/logs/manifest-merger-debug-report.txt
-- Merging decision tree log ---
manifest
ADDED from src\main\AndroidManifest.xml:2:1-378:12
	package
		ADDED from src\main\AndroidManifest.xml:3:5-28
		INJECTED from src\main\AndroidManifest.xml
		INJECTED from src\main\AndroidManifest.xml
	android:versionName
		ADDED from src\main\AndroidManifest.xml:6:5-30
		INJECTED from src\main\AndroidManifest.xml
		INJECTED from src\main\AndroidManifest.xml
	android:permission
		ADDED from src\main\AndroidManifest.xml:4:5-67
	android:versionCode
		ADDED from src\main\AndroidManifest.xml:5:5-28
		INJECTED from src\main\AndroidManifest.xml
		INJECTED from src\main\AndroidManifest.xml
	xmlns:android
		ADDED from src\main\AndroidManifest.xml:2:11-69
uses-sdk
ADDED from src\main\AndroidManifest.xml:8:5-10:41
MERGED from [:Common-2015.3.1113-trial-release:] AndroidManifest.xml:7:5-9:41
MERGED from [:Data-2015.3.1113-trial-release:] AndroidManifest.xml:7:5-9:41
MERGED from [:Primitives-2015.3.1113-trial-release:] AndroidManifest.xml:7:5-9:41
MERGED from [:Input-2015.3.1113-trial-release:] AndroidManifest.xml:7:5-9:41
MERGED from [:Chart-2015.3.1113-trial-release:] AndroidManifest.xml:7:5-9:41
MERGED from [:List-2015.3.1113-trial-release:] AndroidManifest.xml:7:5-9:41
MERGED from [Patient:oidclib:unspecified] AndroidManifest.xml:7:5-9:41
MERGED from [com.android.support:design:23.4.0] AndroidManifest.xml:20:5-43
MERGED from [com.android.support:recyclerview-v7:23.4.0] AndroidManifest.xml:20:5-43
MERGED from [com.android.support:appcompat-v7:23.4.0] AndroidManifest.xml:21:5-23:78
MERGED from [com.android.support:animated-vector-drawable:23.4.0] AndroidManifest.xml:5:5-44
MERGED from [com.android.support:support-vector-drawable:23.4.0] AndroidManifest.xml:5:5-43
MERGED from [com.google.android.gms:play-services-analytics:10.0.0] AndroidManifest.xml:17:5-42
MERGED from [com.google.android.gms:play-services-tagmanager-v4-impl:10.0.0] AndroidManifest.xml:17:5-42
MERGED from [com.google.android.gms:play-services-analytics-impl:10.0.0] AndroidManifest.xml:17:5-42
MERGED from [com.google.android.gms:play-services-base:10.0.0] AndroidManifest.xml:17:5-42
MERGED from [com.google.firebase:firebase-messaging:10.0.0] AndroidManifest.xml:17:5-42
MERGED from [com.google.firebase:firebase-core:10.0.0] AndroidManifest.xml:4:5-42
MERGED from [com.google.firebase:firebase-analytics:10.0.0] AndroidManifest.xml:17:5-42
MERGED from [com.google.firebase:firebase-analytics-impl:10.0.0] AndroidManifest.xml:17:5-42
MERGED from [com.google.firebase:firebase-iid:10.0.0] AndroidManifest.xml:17:5-42
MERGED from [com.google.firebase:firebase-common:10.0.0] AndroidManifest.xml:3:5-42
MERGED from [com.google.android.gms:play-services-tasks:10.0.0] AndroidManifest.xml:3:5-42
MERGED from [com.google.android.gms:play-services-basement:10.0.0] AndroidManifest.xml:17:5-42
MERGED from [com.android.support:support-v4:24.0.0] AndroidManifest.xml:21:5-23:54
	tools:overrideLibrary
		ADDED from [com.android.support:appcompat-v7:23.4.0] AndroidManifest.xml:23:9-75
	android:targetSdkVersion
		ADDED from src\main\AndroidManifest.xml:10:9-38
		INJECTED from src\main\AndroidManifest.xml
		INJECTED from src\main\AndroidManifest.xml
	android:minSdkVersion
		ADDED from src\main\AndroidManifest.xml:9:9-35
		INJECTED from src\main\AndroidManifest.xml
		INJECTED from src\main\AndroidManifest.xml
uses-permission#android.permission.BLUETOOTH
ADDED from src\main\AndroidManifest.xml:12:5-68
	android:name
		ADDED from src\main\AndroidManifest.xml:12:22-65
uses-permission#android.permission.BLUETOOTH_ADMIN
ADDED from src\main\AndroidManifest.xml:13:5-74
	android:name
		ADDED from src\main\AndroidManifest.xml:13:22-71
uses-permission#android.permission.BLUETOOTH_PRIVILEGED
ADDED from src\main\AndroidManifest.xml:15:5-79
	android:name
		ADDED from src\main\AndroidManifest.xml:15:22-76
uses-permission#com.microsoft.band.service.access.BIND_BAND_SERVICE
ADDED from src\main\AndroidManifest.xml:16:5-91
	android:name
		ADDED from src\main\AndroidManifest.xml:16:22-88
uses-permission#android.permission.READ_EXTERNAL_STORAGE
ADDED from src\main\AndroidManifest.xml:17:5-80
	android:name
		ADDED from src\main\AndroidManifest.xml:17:22-77
uses-permission#android.permission.ACCESS_WIFI_STATE
ADDED from src\main\AndroidManifest.xml:18:5-76
	android:name
		ADDED from src\main\AndroidManifest.xml:18:22-73
uses-permission#android.permission.ACCESS_NETWORK_STATE
ADDED from src\main\AndroidManifest.xml:19:5-79
MERGED from [com.google.android.gms:play-services-analytics:10.0.0] AndroidManifest.xml:21:5-78
MERGED from [com.google.android.gms:play-services-analytics-impl:10.0.0] AndroidManifest.xml:21:5-78
MERGED from [com.google.firebase:firebase-analytics:10.0.0] AndroidManifest.xml:21:5-78
MERGED from [com.google.firebase:firebase-analytics-impl:10.0.0] AndroidManifest.xml:21:5-78
MERGED from [com.google.firebase:firebase-iid:10.0.0] AndroidManifest.xml:19:5-78
	android:name
		ADDED from src\main\AndroidManifest.xml:19:22-76
uses-permission#android.permission.INTERNET
ADDED from src\main\AndroidManifest.xml:20:5-67
MERGED from [com.google.android.gms:play-services-analytics:10.0.0] AndroidManifest.xml:20:5-66
MERGED from [com.google.android.gms:play-services-analytics-impl:10.0.0] AndroidManifest.xml:20:5-66
MERGED from [com.google.firebase:firebase-analytics:10.0.0] AndroidManifest.xml:20:5-66
MERGED from [com.google.firebase:firebase-analytics-impl:10.0.0] AndroidManifest.xml:20:5-66
MERGED from [com.google.firebase:firebase-iid:10.0.0] AndroidManifest.xml:20:5-66
	android:name
		ADDED from src\main\AndroidManifest.xml:20:22-64
uses-permission#android.permission.WRITE_EXTERNAL_STORAGE
ADDED from src\main\AndroidManifest.xml:21:5-81
	android:name
		ADDED from src\main\AndroidManifest.xml:21:22-78
uses-permission#android.permission.ACCESS_FINE_LOCATION
ADDED from src\main\AndroidManifest.xml:22:5-79
	android:name
		ADDED from src\main\AndroidManifest.xml:22:22-76
uses-permission#android.permission.SEND_SMS
ADDED from src\main\AndroidManifest.xml:23:5-67
	android:name
		ADDED from src\main\AndroidManifest.xml:23:22-64
uses-permission#android.permission.RECEIVE_BOOT_COMPLETED
ADDED from src\main\AndroidManifest.xml:24:5-81
	android:name
		ADDED from src\main\AndroidManifest.xml:24:22-78
uses-permission#android.permission.READ_CALENDAR
ADDED from src\main\AndroidManifest.xml:25:5-72
	android:name
		ADDED from src\main\AndroidManifest.xml:25:22-69
uses-permission#android.permission.WRITE_CALENDAR
ADDED from src\main\AndroidManifest.xml:26:5-73
	android:name
		ADDED from src\main\AndroidManifest.xml:26:22-70
uses-permission#android.permission.GET_ACCOUNTS
ADDED from src\main\AndroidManifest.xml:27:5-71
MERGED from [Patient:oidclib:unspecified] AndroidManifest.xml:12:5-71
	android:name
		ADDED from src\main\AndroidManifest.xml:27:22-68
uses-permission#android.permission.MANAGE_ACCOUNTS
ADDED from src\main\AndroidManifest.xml:28:5-74
MERGED from [Patient:oidclib:unspecified] AndroidManifest.xml:13:5-74
	android:name
		ADDED from src\main\AndroidManifest.xml:28:22-71
uses-permission#android.permission.AUTHENTICATE_ACCOUNTS
ADDED from src\main\AndroidManifest.xml:29:5-80
MERGED from [Patient:oidclib:unspecified] AndroidManifest.xml:11:5-80
	android:name
		ADDED from src\main\AndroidManifest.xml:29:22-77
uses-permission#android.permission.USE_CREDENTIALS
ADDED from src\main\AndroidManifest.xml:30:5-74
MERGED from [Patient:oidclib:unspecified] AndroidManifest.xml:14:5-74
	android:name
		ADDED from src\main\AndroidManifest.xml:30:22-71
uses-permission#android.permission.MODIFY_AUDIO_SETTINGS
ADDED from src\main\AndroidManifest.xml:31:5-80
	android:name
		ADDED from src\main\AndroidManifest.xml:31:22-77
uses-permission#android.permission.RECORD_AUDIO
ADDED from src\main\AndroidManifest.xml:32:5-71
	android:name
		ADDED from src\main\AndroidManifest.xml:32:22-68
uses-permission#android.permission.RECORD_VIDEO
ADDED from src\main\AndroidManifest.xml:33:5-71
	android:name
		ADDED from src\main\AndroidManifest.xml:33:22-68
uses-permission#android.permission.CAMERA
ADDED from src\main\AndroidManifest.xml:34:5-65
	android:name
		ADDED from src\main\AndroidManifest.xml:34:22-62
uses-permission#android.permission.READ_PHONE_STATE
ADDED from src\main\AndroidManifest.xml:35:5-75
	android:name
		ADDED from src\main\AndroidManifest.xml:35:22-72
uses-permission#android.permission.PROCESS_OUTGOING_CALLS
ADDED from src\main\AndroidManifest.xml:36:5-81
	android:name
		ADDED from src\main\AndroidManifest.xml:36:22-78
uses-permission#android.permission.WAKE_LOCK
ADDED from src\main\AndroidManifest.xml:37:5-68
MERGED from [com.google.android.gms:play-services-analytics:10.0.0] AndroidManifest.xml:24:5-67
MERGED from [com.google.android.gms:play-services-analytics-impl:10.0.0] AndroidManifest.xml:24:5-67
MERGED from [com.google.firebase:firebase-analytics:10.0.0] AndroidManifest.xml:22:5-67
MERGED from [com.google.firebase:firebase-analytics-impl:10.0.0] AndroidManifest.xml:22:5-67
MERGED from [com.google.firebase:firebase-iid:10.0.0] AndroidManifest.xml:21:5-67
	android:name
		ADDED from src\main\AndroidManifest.xml:37:22-65
uses-permission#android.permission.SYSTEM_ALERT_WINDOW
ADDED from src\main\AndroidManifest.xml:38:5-78
	android:name
		ADDED from src\main\AndroidManifest.xml:38:22-75
uses-permission#com.google.android.c2dm.permission.RECEIVE
ADDED from src\main\AndroidManifest.xml:39:5-82
MERGED from [com.google.firebase:firebase-iid:10.0.0] AndroidManifest.xml:22:5-81
	android:name
		ADDED from src\main\AndroidManifest.xml:39:22-79
permission#com.oovoo.sdk.oovoosdksampleshow.gcm.permission.C2D_MESSAGE
ADDED from src\main\AndroidManifest.xml:41:5-43:47
	android:protectionLevel
		ADDED from src\main\AndroidManifest.xml:43:9-44
	android:name
		ADDED from src\main\AndroidManifest.xml:42:9-83
uses-permission#com.oovoo.sdk.oovoosdksampleshow.gcm.permission.C2D_MESSAGE
ADDED from src\main\AndroidManifest.xml:45:5-99
	android:name
		ADDED from src\main\AndroidManifest.xml:45:22-96
uses-feature#android.hardware.camera
ADDED from src\main\AndroidManifest.xml:47:5-60
	android:name
		ADDED from src\main\AndroidManifest.xml:47:19-57
uses-feature#android.hardware.camera.autofocus
ADDED from src\main\AndroidManifest.xml:48:5-70
	android:name
		ADDED from src\main\AndroidManifest.xml:48:19-67
uses-feature#0x00020000
ADDED from src\main\AndroidManifest.xml:51:5-53:35
	android:glEsVersion
		ADDED from src\main\AndroidManifest.xml:52:9-41
	android:required
		ADDED from src\main\AndroidManifest.xml:53:9-32
uses-feature#android.hardware.sensor.gyroscope
ADDED from src\main\AndroidManifest.xml:54:5-56:36
	android:required
		ADDED from src\main\AndroidManifest.xml:56:9-33
	android:name
		ADDED from src\main\AndroidManifest.xml:55:9-57
uses-feature#android.hardware.sensor.accelerometer
ADDED from src\main\AndroidManifest.xml:57:5-59:36
	android:required
		ADDED from src\main\AndroidManifest.xml:59:9-33
	android:name
		ADDED from src\main\AndroidManifest.xml:58:9-61
uses-feature#android.hardware.sensor.compass
ADDED from src\main\AndroidManifest.xml:60:5-62:36
	android:required
		ADDED from src\main\AndroidManifest.xml:62:9-33
	android:name
		ADDED from src\main\AndroidManifest.xml:61:9-55
uses-permission#android.permission.READ_PROFILE
ADDED from src\main\AndroidManifest.xml:66:5-71
	android:name
		ADDED from src\main\AndroidManifest.xml:66:22-68
uses-permission#android.permission.READ_CONTACTS
ADDED from src\main\AndroidManifest.xml:67:5-72
	android:name
		ADDED from src\main\AndroidManifest.xml:67:22-69
application
ADDED from src\main\AndroidManifest.xml:70:5-376:19
MERGED from [:Common-2015.3.1113-trial-release:] AndroidManifest.xml:11:5-12:19
MERGED from [:Data-2015.3.1113-trial-release:] AndroidManifest.xml:11:5-12:19
MERGED from [:Primitives-2015.3.1113-trial-release:] AndroidManifest.xml:11:5-12:19
MERGED from [:Input-2015.3.1113-trial-release:] AndroidManifest.xml:11:5-12:19
MERGED from [:Chart-2015.3.1113-trial-release:] AndroidManifest.xml:11:5-12:19
MERGED from [:List-2015.3.1113-trial-release:] AndroidManifest.xml:11:5-12:19
MERGED from [Patient:oidclib:unspecified] AndroidManifest.xml:16:5-19:19
MERGED from [com.android.support:design:23.4.0] AndroidManifest.xml:22:5-20
MERGED from [com.android.support:appcompat-v7:23.4.0] AndroidManifest.xml:25:5-20
MERGED from [com.android.support:animated-vector-drawable:23.4.0] AndroidManifest.xml:7:5-20
MERGED from [com.android.support:support-vector-drawable:23.4.0] AndroidManifest.xml:7:5-20
MERGED from [com.google.android.gms:play-services-analytics:10.0.0] AndroidManifest.xml:26:5-19
MERGED from [com.google.android.gms:play-services-tagmanager-v4-impl:10.0.0] AndroidManifest.xml:19:5-19
MERGED from [com.google.android.gms:play-services-analytics-impl:10.0.0] AndroidManifest.xml:26:5-19
MERGED from [com.google.android.gms:play-services-base:10.0.0] AndroidManifest.xml:18:5-20:19
MERGED from [com.google.firebase:firebase-messaging:10.0.0] AndroidManifest.xml:19:5-29:19
MERGED from [com.google.firebase:firebase-core:10.0.0] AndroidManifest.xml:5:5-20
MERGED from [com.google.firebase:firebase-analytics:10.0.0] AndroidManifest.xml:24:5-33:19
MERGED from [com.google.firebase:firebase-analytics-impl:10.0.0] AndroidManifest.xml:24:5-28:19
MERGED from [com.google.firebase:firebase-iid:10.0.0] AndroidManifest.xml:28:5-50:19
MERGED from [com.google.firebase:firebase-common:10.0.0] AndroidManifest.xml:4:5-7:19
MERGED from [com.google.android.gms:play-services-tasks:10.0.0] AndroidManifest.xml:4:5-19
MERGED from [com.google.android.gms:play-services-basement:10.0.0] AndroidManifest.xml:19:5-21:19
MERGED from [com.android.support:support-v4:24.0.0] AndroidManifest.xml:25:5-20
	android:label
		ADDED from src\main\AndroidManifest.xml:74:9-41
	android:allowBackup
		ADDED from src\main\AndroidManifest.xml:72:9-35
	android:icon
		ADDED from src\main\AndroidManifest.xml:73:9-47
	android:theme
		ADDED from src\main\AndroidManifest.xml:75:9-48
	android:name
		ADDED from src\main\AndroidManifest.xml:71:9-59
service#com.pdmanager.services.RecordingService
ADDED from src\main\AndroidManifest.xml:76:9-75
	android:name
		ADDED from src\main\AndroidManifest.xml:76:18-72
receiver#com.pdmanager.app.PDBootReceiver
ADDED from src\main\AndroidManifest.xml:78:9-82:20
	android:name
		ADDED from src\main\AndroidManifest.xml:78:19-66
intent-filter#android.intent.action.BOOT_COMPLETED
ADDED from src\main\AndroidManifest.xml:79:13-81:29
action#android.intent.action.BOOT_COMPLETED
ADDED from src\main\AndroidManifest.xml:80:17-79
	android:name
		ADDED from src\main\AndroidManifest.xml:80:25-76
activity#com.pdmanager.views.patient.MedAlertActivity
ADDED from src\main\AndroidManifest.xml:83:9-88:16
	android:excludeFromRecents
		ADDED from src\main\AndroidManifest.xml:87:9-42
	android:launchMode
		ADDED from src\main\AndroidManifest.xml:85:9-40
	android:taskAffinity
		ADDED from src\main\AndroidManifest.xml:86:9-32
	android:name
		ADDED from src\main\AndroidManifest.xml:84:13-72
activity#com.pdmanager.views.patient.MainActivity
ADDED from src\main\AndroidManifest.xml:89:9-99:20
	android:label
		ADDED from src\main\AndroidManifest.xml:91:13-45
	android:theme
		ADDED from src\main\AndroidManifest.xml:92:13-57
	android:name
		ADDED from src\main\AndroidManifest.xml:90:13-68
intent-filter#android.intent.action.MAIN+android.intent.category.LAUNCHER
ADDED from src\main\AndroidManifest.xml:93:13-98:29
action#android.intent.action.MAIN
ADDED from src\main\AndroidManifest.xml:95:21-73
	android:name
		ADDED from src\main\AndroidManifest.xml:95:29-70
category#android.intent.category.LAUNCHER
ADDED from src\main\AndroidManifest.xml:97:17-77
	android:name
		ADDED from src\main\AndroidManifest.xml:97:27-74
activity#com.pdmanager.views.call.SplashActivity
ADDED from src\main\AndroidManifest.xml:100:9-102:48
	android:label
		ADDED from src\main\AndroidManifest.xml:102:13-45
	android:name
		ADDED from src\main\AndroidManifest.xml:101:13-67
activity#com.pdmanager.views.HomeActivity
ADDED from src\main\AndroidManifest.xml:103:9-106:52
	android:screenOrientation
		ADDED from src\main\AndroidManifest.xml:106:13-49
	android:label
		ADDED from src\main\AndroidManifest.xml:105:13-45
	android:name
		ADDED from src\main\AndroidManifest.xml:104:13-60
activity#com.pdmanager.views.patient.TechnicianActivity
ADDED from src\main\AndroidManifest.xml:107:9-116:20
	android:screenOrientation
		ADDED from src\main\AndroidManifest.xml:110:13-49
	android:label
		ADDED from src\main\AndroidManifest.xml:109:13-45
	android:name
		ADDED from src\main\AndroidManifest.xml:108:13-74
intent-filter#android.intent.category.LAUNCHER
ADDED from src\main\AndroidManifest.xml:111:13-115:29
activity#com.pdmanager.views.patient.MSSyncActivity
ADDED from src\main\AndroidManifest.xml:117:9-123:20
	android:label
		ADDED from src\main\AndroidManifest.xml:119:13-38
	android:name
		ADDED from src\main\AndroidManifest.xml:118:13-70
activity#com.pdmanager.views.clinician.BS11Activity
ADDED from src\main\AndroidManifest.xml:124:9-126:41
	android:label
		ADDED from src\main\AndroidManifest.xml:126:13-38
	android:name
		ADDED from src\main\AndroidManifest.xml:125:13-70
activity#com.pdmanager.views.clinician.NMSSActivity
ADDED from src\main\AndroidManifest.xml:127:9-129:41
	android:label
		ADDED from src\main\AndroidManifest.xml:129:13-38
	android:name
		ADDED from src\main\AndroidManifest.xml:128:13-70
activity#com.pdmanager.views.common.LoginActivity
ADDED from src\main\AndroidManifest.xml:130:9-138:20
	android:label
		ADDED from src\main\AndroidManifest.xml:132:13-38
	android:windowSoftInputMode
		ADDED from src\main\AndroidManifest.xml:133:13-68
	android:name
		ADDED from src\main\AndroidManifest.xml:131:13-68
activity#com.pdmanager.views.patient.FilesActivity
ADDED from src\main\AndroidManifest.xml:139:9-142:47
	android:launchMode
		ADDED from src\main\AndroidManifest.xml:142:13-44
	android:configChanges
		ADDED from src\main\AndroidManifest.xml:141:13-57
	android:name
		ADDED from src\main\AndroidManifest.xml:140:13-69
activity#com.dropbox.core.android.AuthActivity
ADDED from src\main\AndroidManifest.xml:143:9-157:20
	android:launchMode
		ADDED from src\main\AndroidManifest.xml:146:13-44
	android:configChanges
		ADDED from src\main\AndroidManifest.xml:145:13-57
	android:name
		ADDED from src\main\AndroidManifest.xml:144:13-65
intent-filter#android.intent.action.VIEW+android.intent.category.BROWSABLE+android.intent.category.DEFAULT
ADDED from src\main\AndroidManifest.xml:147:13-156:29
data
ADDED from src\main\AndroidManifest.xml:150:17-61
	android:scheme
		ADDED from src\main\AndroidManifest.xml:150:23-58
action#android.intent.action.VIEW
ADDED from src\main\AndroidManifest.xml:152:17-69
	android:name
		ADDED from src\main\AndroidManifest.xml:152:25-66
category#android.intent.category.BROWSABLE
ADDED from src\main\AndroidManifest.xml:154:17-78
	android:name
		ADDED from src\main\AndroidManifest.xml:154:27-75
category#android.intent.category.DEFAULT
ADDED from src\main\AndroidManifest.xml:155:17-76
	android:name
		ADDED from src\main\AndroidManifest.xml:155:27-73
activity#com.pdmanager.views.common.HelpActivity
ADDED from src\main\AndroidManifest.xml:158:9-160:59
	android:label
		ADDED from src\main\AndroidManifest.xml:160:13-56
	android:name
		ADDED from src\main\AndroidManifest.xml:159:13-67
activity#com.pdmanager.views.clinician.PatientChartActivity
ADDED from src\main\AndroidManifest.xml:161:9-163:48
	android:label
		ADDED from src\main\AndroidManifest.xml:163:13-45
	android:name
		ADDED from src\main\AndroidManifest.xml:162:13-78
activity#com.pdmanager.views.TestMedicationOrderActivity
ADDED from src\main\AndroidManifest.xml:164:9-166:64
	android:label
		ADDED from src\main\AndroidManifest.xml:166:13-61
	android:name
		ADDED from src\main\AndroidManifest.xml:165:13-75
activity#com.pdmanager.views.clinician.ClinicianActivity
ADDED from src\main\AndroidManifest.xml:167:9-174:20
	android:label
		ADDED from src\main\AndroidManifest.xml:169:13-61
	android:theme
		ADDED from src\main\AndroidManifest.xml:170:13-57
	android:name
		ADDED from src\main\AndroidManifest.xml:168:13-75
meta-data#android.app.default_searchable
ADDED from src\main\AndroidManifest.xml:171:13-173:64
	android:value
		ADDED from src\main\AndroidManifest.xml:173:17-61
	android:name
		ADDED from src\main\AndroidManifest.xml:172:17-62
activity#com.pdmanager.views.clinician.SearchPatientActivity
ADDED from src\main\AndroidManifest.xml:175:9-185:20
	android:name
		ADDED from src\main\AndroidManifest.xml:175:19-85
intent-filter#android.intent.action.SEARCH+android.intent.category.DEFAULT
ADDED from src\main\AndroidManifest.xml:176:13-180:29
action#android.intent.action.SEARCH
ADDED from src\main\AndroidManifest.xml:177:17-71
	android:name
		ADDED from src\main\AndroidManifest.xml:177:25-68
meta-data#android.app.searchable
ADDED from src\main\AndroidManifest.xml:182:13-184:54
	android:resource
		ADDED from src\main\AndroidManifest.xml:184:17-51
	android:name
		ADDED from src\main\AndroidManifest.xml:183:17-54
activity#com.lnikkila.oidc.authenticator.AuthenticatorActivity
ADDED from src\main\AndroidManifest.xml:187:9-189:52
	android:theme
		ADDED from src\main\AndroidManifest.xml:189:13-49
	android:name
		ADDED from src\main\AndroidManifest.xml:188:13-81
activity#com.lnikkila.oidc.authenticator.OIDCClientConfigurationActivity
ADDED from src\main\AndroidManifest.xml:190:9-100
	android:name
		ADDED from src\main\AndroidManifest.xml:190:19-97
service#com.lnikkila.oidc.authenticator.AuthenticatorService
ADDED from src\main\AndroidManifest.xml:197:9-205:19
	android:name
		ADDED from src\main\AndroidManifest.xml:197:18-85
intent-filter#android.accounts.AccountAuthenticator
ADDED from src\main\AndroidManifest.xml:198:13-200:29
action#android.accounts.AccountAuthenticator
ADDED from src\main\AndroidManifest.xml:199:17-80
	android:name
		ADDED from src\main\AndroidManifest.xml:199:25-77
meta-data#android.accounts.AccountAuthenticator
ADDED from src\main\AndroidManifest.xml:202:13-204:57
	android:resource
		ADDED from src\main\AndroidManifest.xml:204:17-54
	android:name
		ADDED from src\main\AndroidManifest.xml:203:17-69
activity#com.pdmanager.views.patient.cognition.MainMenu
ADDED from src\main\AndroidManifest.xml:210:9-215:20
	android:screenOrientation
		ADDED from src\main\AndroidManifest.xml:214:13-53
	android:label
		ADDED from src\main\AndroidManifest.xml:213:13-45
	android:theme
		ADDED from src\main\AndroidManifest.xml:212:13-69
	android:name
		ADDED from src\main\AndroidManifest.xml:211:13-74
activity#com.pdmanager.views.patient.cognition.cognitive.CognitiveMenu
ADDED from src\main\AndroidManifest.xml:217:9-222:20
	android:screenOrientation
		ADDED from src\main\AndroidManifest.xml:220:13-53
	android:label
		ADDED from src\main\AndroidManifest.xml:221:13-45
	android:theme
		ADDED from src\main\AndroidManifest.xml:219:13-69
	android:name
		ADDED from src\main\AndroidManifest.xml:218:13-89
activity#com.pdmanager.views.patient.cognition.fingertapping.FingerTappingTestOne
ADDED from src\main\AndroidManifest.xml:224:9-228:20
	android:screenOrientation
		ADDED from src\main\AndroidManifest.xml:227:13-53
	android:theme
		ADDED from src\main\AndroidManifest.xml:226:13-69
	android:name
		ADDED from src\main\AndroidManifest.xml:225:13-100
activity#com.pdmanager.views.patient.cognition.fingertapping.FingerTappingTestTwo
ADDED from src\main\AndroidManifest.xml:230:9-234:20
	android:screenOrientation
		ADDED from src\main\AndroidManifest.xml:233:13-53
	android:theme
		ADDED from src\main\AndroidManifest.xml:232:13-69
	android:name
		ADDED from src\main\AndroidManifest.xml:231:13-100
activity#com.pdmanager.views.patient.cognition.fingertapping.FingerTappingEnd
ADDED from src\main\AndroidManifest.xml:236:9-240:20
	android:screenOrientation
		ADDED from src\main\AndroidManifest.xml:239:13-53
	android:theme
		ADDED from src\main\AndroidManifest.xml:238:13-69
	android:name
		ADDED from src\main\AndroidManifest.xml:237:13-96
activity#com.pdmanager.views.patient.cognition.speech.SpeechTest
ADDED from src\main\AndroidManifest.xml:242:9-247:20
	android:screenOrientation
		ADDED from src\main\AndroidManifest.xml:245:13-53
	android:label
		ADDED from src\main\AndroidManifest.xml:246:13-45
	android:theme
		ADDED from src\main\AndroidManifest.xml:244:13-69
	android:name
		ADDED from src\main\AndroidManifest.xml:243:13-83
activity#com.pdmanager.views.patient.cognition.cognitive.PairedAssociatesLearningTest
ADDED from src\main\AndroidManifest.xml:249:9-258:20
	android:screenOrientation
		ADDED from src\main\AndroidManifest.xml:254:13-54
	android:label
		ADDED from src\main\AndroidManifest.xml:251:13-48
	android:parentActivityName
		ADDED from src\main\AndroidManifest.xml:253:13-103
	android:theme
		ADDED from src\main\AndroidManifest.xml:252:13-69
	android:name
		ADDED from src\main\AndroidManifest.xml:250:13-104
meta-data#android.support.PARENT_ACTIVITY
ADDED from src\main\AndroidManifest.xml:255:13-257:97
	android:value
		ADDED from src\main\AndroidManifest.xml:257:17-94
	android:name
		ADDED from src\main\AndroidManifest.xml:256:17-63
activity#com.pdmanager.views.patient.cognition.cognitive.PALPRM
ADDED from src\main\AndroidManifest.xml:260:9-268:20
	android:screenOrientation
		ADDED from src\main\AndroidManifest.xml:264:13-54
	android:label
		ADDED from src\main\AndroidManifest.xml:262:13-49
	android:theme
		ADDED from src\main\AndroidManifest.xml:263:13-69
	android:name
		ADDED from src\main\AndroidManifest.xml:261:13-82
activity#com.pdmanager.views.patient.cognition.cognitive.PatternRecognitionMemoryTest
ADDED from src\main\AndroidManifest.xml:270:9-278:20
	android:screenOrientation
		ADDED from src\main\AndroidManifest.xml:274:13-54
	android:label
		ADDED from src\main\AndroidManifest.xml:272:13-48
	android:theme
		ADDED from src\main\AndroidManifest.xml:273:13-69
	android:name
		ADDED from src\main\AndroidManifest.xml:271:13-104
activity#com.pdmanager.views.patient.cognition.cognitive.SpatialWorkingMemoryTest
ADDED from src\main\AndroidManifest.xml:280:9-289:20
	android:screenOrientation
		ADDED from src\main\AndroidManifest.xml:283:13-54
	android:label
		ADDED from src\main\AndroidManifest.xml:282:13-48
	android:parentActivityName
		ADDED from src\main\AndroidManifest.xml:285:13-103
	android:theme
		ADDED from src\main\AndroidManifest.xml:284:13-69
	android:name
		ADDED from src\main\AndroidManifest.xml:281:13-100
activity#com.pdmanager.views.patient.cognition.cognitive.SpatialSpanTest
ADDED from src\main\AndroidManifest.xml:291:9-300:20
	android:screenOrientation
		ADDED from src\main\AndroidManifest.xml:296:13-54
	android:label
		ADDED from src\main\AndroidManifest.xml:293:13-48
	android:parentActivityName
		ADDED from src\main\AndroidManifest.xml:295:13-103
	android:theme
		ADDED from src\main\AndroidManifest.xml:294:13-69
	android:name
		ADDED from src\main\AndroidManifest.xml:292:13-91
activity#com.pdmanager.views.patient.cognition.cognitive.StopSignalTaskTest
ADDED from src\main\AndroidManifest.xml:302:9-311:20
	android:screenOrientation
		ADDED from src\main\AndroidManifest.xml:307:13-54
	android:label
		ADDED from src\main\AndroidManifest.xml:304:13-48
	android:parentActivityName
		ADDED from src\main\AndroidManifest.xml:306:13-103
	android:theme
		ADDED from src\main\AndroidManifest.xml:305:13-69
	android:name
		ADDED from src\main\AndroidManifest.xml:303:13-94
activity#com.pdmanager.views.patient.cognition.cognitive.WisconsinCardSorting
ADDED from src\main\AndroidManifest.xml:313:9-323:20
	android:screenOrientation
		ADDED from src\main\AndroidManifest.xml:318:13-54
	android:label
		ADDED from src\main\AndroidManifest.xml:315:13-48
	android:parentActivityName
		ADDED from src\main\AndroidManifest.xml:317:13-103
	android:theme
		ADDED from src\main\AndroidManifest.xml:316:13-69
	android:name
		ADDED from src\main\AndroidManifest.xml:314:13-96
activity#com.pdmanager.views.patient.cognition.cognitive.LondonTowersTest
ADDED from src\main\AndroidManifest.xml:325:9-335:20
	android:screenOrientation
		ADDED from src\main\AndroidManifest.xml:330:13-54
	android:label
		ADDED from src\main\AndroidManifest.xml:327:13-48
	android:parentActivityName
		ADDED from src\main\AndroidManifest.xml:329:13-103
	android:theme
		ADDED from src\main\AndroidManifest.xml:328:13-69
	android:name
		ADDED from src\main\AndroidManifest.xml:326:13-92
activity#com.pdmanager.views.patient.cognition.cognitive.AttentionSwitchingTaskTest
ADDED from src\main\AndroidManifest.xml:337:9-346:20
	android:screenOrientation
		ADDED from src\main\AndroidManifest.xml:342:13-54
	android:label
		ADDED from src\main\AndroidManifest.xml:339:13-48
	android:parentActivityName
		ADDED from src\main\AndroidManifest.xml:341:13-103
	android:theme
		ADDED from src\main\AndroidManifest.xml:340:13-69
	android:name
		ADDED from src\main\AndroidManifest.xml:338:13-102
activity#com.pdmanager.views.patient.cognition.cognitive.VisualAnalogueScaleTest
ADDED from src\main\AndroidManifest.xml:348:9-357:20
	android:screenOrientation
		ADDED from src\main\AndroidManifest.xml:353:13-54
	android:label
		ADDED from src\main\AndroidManifest.xml:350:13-48
	android:parentActivityName
		ADDED from src\main\AndroidManifest.xml:352:13-103
	android:theme
		ADDED from src\main\AndroidManifest.xml:351:13-69
	android:name
		ADDED from src\main\AndroidManifest.xml:349:13-99
activity#com.pdmanager.views.patient.cognition.cognitive.VisualAnalogueScaleTest2
ADDED from src\main\AndroidManifest.xml:359:9-368:20
	android:screenOrientation
		ADDED from src\main\AndroidManifest.xml:364:13-54
	android:label
		ADDED from src\main\AndroidManifest.xml:361:13-48
	android:parentActivityName
		ADDED from src\main\AndroidManifest.xml:363:13-103
	android:theme
		ADDED from src\main\AndroidManifest.xml:362:13-69
	android:name
		ADDED from src\main\AndroidManifest.xml:360:13-100
activity#com.google.android.gms.common.api.GoogleApiActivity